# JRE version: Java(TM) SE Runtime Environment (7.0_40-b43) (build 1.7.0_40-b43)
# Java VM: Java HotSpot(TM) 64-Bit Server VM (24.0-b56 mixed mode windows-amd64 compressed oops)
Heap
 PSYoungGen      total 72704K, used 46593K [0x00000007d5500000, 0x00000007de300000, 0x0000000800000000)
  eden space 67584K, 61% used [0x00000007d5500000,0x00000007d7d81918,0x00000007d9700000)
  from space 5120K, 99% used [0x00000007d9700000,0x00000007d9bfec18,0x00000007d9c00000)
  to   space 5120K, 0% used [0x00000007dde00000,0x00000007dde00000,0x00000007de300000)
 ParOldGen       total 87040K, used 13916K [0x0000000780000000, 0x0000000785500000, 0x00000007d5500000)
  object space 87040K, 15% used [0x0000000780000000,0x0000000780d97378,0x0000000785500000)
 PSPermGen       total 21504K, used 16405K [0x0000000778000000, 0x0000000779500000, 0x0000000780000000)
  object space 21504K, 76% used [0x0000000778000000,0x00000007790055b0,0x0000000779500000)
GC Heap History (6 events):
Event: 2.178 GC heap before
{Heap before GC invocations=1 (full 0):
 PSYoungGen      total 38912K, used 33792K [0x00000007d5500000, 0x00000007d8000000, 0x0000000800000000)
  eden space 33792K, 100% used [0x00000007d5500000,0x00000007d7600000,0x00000007d7600000)
  from space 5120K, 0% used [0x00000007d7b00000,0x00000007d7b00000,0x00000007d8000000)
  to   space 5120K, 0% used [0x00000007d7600000,0x00000007d7600000,0x00000007d7b00000)
 ParOldGen       total 87040K, used 0K [0x0000000780000000, 0x0000000785500000, 0x00000007d5500000)
  object space 87040K, 0% used [0x0000000780000000,0x0000000780000000,0x0000000785500000)
 PSPermGen       total 21504K, used 8209K [0x0000000778000000, 0x0000000779500000, 0x0000000780000000)
  object space 21504K, 38% used [0x0000000778000000,0x0000000778804738,0x0000000779500000)
Event: 2.208 GC heap after
Heap after GC invocations=1 (full 0):
 PSYoungGen      total 38912K, used 5105K [0x00000007d5500000, 0x00000007da100000, 0x0000000800000000)
  eden space 33792K, 0% used [0x00000007d5500000,0x00000007d5500000,0x00000007d7600000)
  from space 5120K, 99% used [0x00000007d7600000,0x00000007d7afc558,0x00000007d7b00000)
  to   space 5120K, 0% used [0x00000007d9c00000,0x00000007d9c00000,0x00000007da100000)
 ParOldGen       total 87040K, used 1812K [0x0000000780000000, 0x0000000785500000, 0x00000007d5500000)
  object space 87040K, 2% used [0x0000000780000000,0x00000007801c52d8,0x0000000785500000)
 PSPermGen       total 21504K, used 8209K [0x0000000778000000, 0x0000000779500000, 0x0000000780000000)
  object space 21504K, 38% used [0x0000000778000000,0x0000000778804738,0x0000000779500000)
}
Event: 2.966 GC heap before
{Heap before GC invocations=2 (full 0):
 PSYoungGen      total 38912K, used 38897K [0x00000007d5500000, 0x00000007da100000, 0x0000000800000000)
  eden space 33792K, 100% used [0x00000007d5500000,0x00000007d7600000,0x00000007d7600000)
  from space 5120K, 99% used [0x00000007d7600000,0x00000007d7afc558,0x00000007d7b00000)
  to   space 5120K, 0% used [0x00000007d9c00000,0x00000007d9c00000,0x00000007da100000)
 ParOldGen       total 87040K, used 1812K [0x0000000780000000, 0x0000000785500000, 0x00000007d5500000)
  object space 87040K, 2% used [0x0000000780000000,0x00000007801c52d8,0x0000000785500000)
 PSPermGen       total 21504K, used 8258K [0x0000000778000000, 0x0000000779500000, 0x0000000780000000)
  object space 21504K, 38% used [0x0000000778000000,0x0000000778810b58,0x0000000779500000)
Event: 2.985 GC heap after
Heap after GC invocations=2 (full 0):
 PSYoungGen      total 72704K, used 5093K [0x00000007d5500000, 0x00000007da100000, 0x0000000800000000)
  eden space 67584K, 0% used [0x00000007d5500000,0x00000007d5500000,0x00000007d9700000)
  from space 5120K, 99% used [0x00000007d9c00000,0x00000007da0f9488,0x00000007da100000)
  to   space 5120K, 0% used [0x00000007d9700000,0x00000007d9700000,0x00000007d9c00000)
 ParOldGen       total 87040K, used 7877K [0x0000000780000000, 0x0000000785500000, 0x00000007d5500000)
  object space 87040K, 9% used [0x0000000780000000,0x00000007807b17e8,0x0000000785500000)
 PSPermGen       total 21504K, used 8258K [0x0000000778000000, 0x0000000779500000, 0x0000000780000000)
  object space 21504K, 38% used [0x0000000778000000,0x0000000778810b58,0x0000000779500000)
}
Event: 28.417 GC heap before
{Heap before GC invocations=3 (full 0):
 PSYoungGen      total 72704K, used 72677K [0x00000007d5500000, 0x00000007da100000, 0x0000000800000000)
  eden space 67584K, 100% used [0x00000007d5500000,0x00000007d9700000,0x00000007d9700000)
  from space 5120K, 99% used [0x00000007d9c00000,0x00000007da0f9488,0x00000007da100000)
  to   space 5120K, 0% used [0x00000007d9700000,0x00000007d9700000,0x00000007d9c00000)
 ParOldGen       total 87040K, used 7877K [0x0000000780000000, 0x0000000785500000, 0x00000007d5500000)
  object space 87040K, 9% used [0x0000000780000000,0x00000007807b17e8,0x0000000785500000)
 PSPermGen       total 21504K, used 12661K [0x0000000778000000, 0x0000000779500000, 0x0000000780000000)
  object space 21504K, 58% used [0x0000000778000000,0x0000000778c5d458,0x0000000779500000)
Event: 28.448 GC heap after
Heap after GC invocations=3 (full 0):
 PSYoungGen      total 72704K, used 5115K [0x00000007d5500000, 0x00000007de300000, 0x0000000800000000)
  eden space 67584K, 0% used [0x00000007d5500000,0x00000007d5500000,0x00000007d9700000)
  from space 5120K, 99% used [0x00000007d9700000,0x00000007d9bfec18,0x00000007d9c00000)
  to   space 5120K, 0% used [0x00000007dde00000,0x00000007dde00000,0x00000007de300000)
 ParOldGen       total 87040K, used 13916K [0x0000000780000000, 0x0000000785500000, 0x00000007d5500000)
  object space 87040K, 15% used [0x0000000780000000,0x0000000780d97378,0x0000000785500000)
 PSPermGen       total 21504K, used 12661K [0x0000000778000000, 0x0000000779500000, 0x0000000780000000)
  object space 21504K, 58% used [0x0000000778000000,0x0000000778c5d458,0x0000000779500000)
}

