# JRE version: Java(TM) SE Runtime Environment (7.0_40-b43) (build 1.7.0_40-b43)
# Java VM: Java HotSpot(TM) 64-Bit Server VM (24.0-b56 mixed mode windows-amd64 compressed oops)
Heap
 PSYoungGen      total 135168K, used 119579K [0x00000007d5500000, 0x00000007def00000, 0x0000000800000000)
  eden space 130048K, 88% used [0x00000007d5500000,0x00000007dc4cdcd8,0x00000007dd400000)
  from space 5120K, 99% used [0x00000007dd900000,0x00000007dddf9070,0x00000007dde00000)
  to   space 13824K, 0% used [0x00000007de180000,0x00000007de180000,0x00000007def00000)
 ParOldGen       total 87040K, used 18334K [0x0000000780000000, 0x0000000785500000, 0x00000007d5500000)
  object space 87040K, 21% used [0x0000000780000000,0x00000007811e7b28,0x0000000785500000)
 PSPermGen       total 21504K, used 16789K [0x0000000778000000, 0x0000000779500000, 0x0000000780000000)
  object space 21504K, 78% used [0x0000000778000000,0x0000000779065698,0x0000000779500000)
GC Heap History (10 events):
Event: 1.734 GC heap before
{Heap before GC invocations=1 (full 0):
 PSYoungGen      total 38912K, used 33792K [0x00000007d5500000, 0x00000007d8000000, 0x0000000800000000)
  eden space 33792K, 100% used [0x00000007d5500000,0x00000007d7600000,0x00000007d7600000)
  from space 5120K, 0% used [0x00000007d7b00000,0x00000007d7b00000,0x00000007d8000000)
  to   space 5120K, 0% used [0x00000007d7600000,0x00000007d7600000,0x00000007d7b00000)
 ParOldGen       total 87040K, used 0K [0x0000000780000000, 0x0000000785500000, 0x00000007d5500000)
  object space 87040K, 0% used [0x0000000780000000,0x0000000780000000,0x0000000785500000)
 PSPermGen       total 21504K, used 8209K [0x0000000778000000, 0x0000000779500000, 0x0000000780000000)
  object space 21504K, 38% used [0x0000000778000000,0x0000000778804758,0x0000000779500000)
Event: 1.757 GC heap after
Heap after GC invocations=1 (full 0):
 PSYoungGen      total 38912K, used 5088K [0x00000007d5500000, 0x00000007da100000, 0x0000000800000000)
  eden space 33792K, 0% used [0x00000007d5500000,0x00000007d5500000,0x00000007d7600000)
  from space 5120K, 99% used [0x00000007d7600000,0x00000007d7af8038,0x00000007d7b00000)
  to   space 5120K, 0% used [0x00000007d9c00000,0x00000007d9c00000,0x00000007da100000)
 ParOldGen       total 87040K, used 1905K [0x0000000780000000, 0x0000000785500000, 0x00000007d5500000)
  object space 87040K, 2% used [0x0000000780000000,0x00000007801dc520,0x0000000785500000)
 PSPermGen       total 21504K, used 8209K [0x0000000778000000, 0x0000000779500000, 0x0000000780000000)
  object space 21504K, 38% used [0x0000000778000000,0x0000000778804758,0x0000000779500000)
}
Event: 2.430 GC heap before
{Heap before GC invocations=2 (full 0):
 PSYoungGen      total 38912K, used 38880K [0x00000007d5500000, 0x00000007da100000, 0x0000000800000000)
  eden space 33792K, 100% used [0x00000007d5500000,0x00000007d7600000,0x00000007d7600000)
  from space 5120K, 99% used [0x00000007d7600000,0x00000007d7af8038,0x00000007d7b00000)
  to   space 5120K, 0% used [0x00000007d9c00000,0x00000007d9c00000,0x00000007da100000)
 ParOldGen       total 87040K, used 1905K [0x0000000780000000, 0x0000000785500000, 0x00000007d5500000)
  object space 87040K, 2% used [0x0000000780000000,0x00000007801dc520,0x0000000785500000)
 PSPermGen       total 21504K, used 8258K [0x0000000778000000, 0x0000000779500000, 0x0000000780000000)
  object space 21504K, 38% used [0x0000000778000000,0x0000000778810b78,0x0000000779500000)
Event: 2.449 GC heap after
Heap after GC invocations=2 (full 0):
 PSYoungGen      total 72704K, used 5095K [0x00000007d5500000, 0x00000007da100000, 0x0000000800000000)
  eden space 67584K, 0% used [0x00000007d5500000,0x00000007d5500000,0x00000007d9700000)
  from space 5120K, 99% used [0x00000007d9c00000,0x00000007da0f9eb8,0x00000007da100000)
  to   space 5120K, 0% used [0x00000007d9700000,0x00000007d9700000,0x00000007d9c00000)
 ParOldGen       total 87040K, used 8016K [0x0000000780000000, 0x0000000785500000, 0x00000007d5500000)
  object space 87040K, 9% used [0x0000000780000000,0x00000007807d4328,0x0000000785500000)
 PSPermGen       total 21504K, used 8258K [0x0000000778000000, 0x0000000779500000, 0x0000000780000000)
  object space 21504K, 38% used [0x0000000778000000,0x0000000778810b78,0x0000000779500000)
}
Event: 6.340 GC heap before
{Heap before GC invocations=3 (full 0):
 PSYoungGen      total 72704K, used 72679K [0x00000007d5500000, 0x00000007da100000, 0x0000000800000000)
  eden space 67584K, 100% used [0x00000007d5500000,0x00000007d9700000,0x00000007d9700000)
  from space 5120K, 99% used [0x00000007d9c00000,0x00000007da0f9eb8,0x00000007da100000)
  to   space 5120K, 0% used [0x00000007d9700000,0x00000007d9700000,0x00000007d9c00000)
 ParOldGen       total 87040K, used 8016K [0x0000000780000000, 0x0000000785500000, 0x00000007d5500000)
  object space 87040K, 9% used [0x0000000780000000,0x00000007807d4328,0x0000000785500000)
 PSPermGen       total 21504K, used 13084K [0x0000000778000000, 0x0000000779500000, 0x0000000780000000)
  object space 21504K, 60% used [0x0000000778000000,0x0000000778cc71a8,0x0000000779500000)
Event: 6.369 GC heap after
Heap after GC invocations=3 (full 0):
 PSYoungGen      total 72704K, used 5109K [0x00000007d5500000, 0x00000007de300000, 0x0000000800000000)
  eden space 67584K, 0% used [0x00000007d5500000,0x00000007d5500000,0x00000007d9700000)
  from space 5120K, 99% used [0x00000007d9700000,0x00000007d9bfd640,0x00000007d9c00000)
  to   space 5120K, 0% used [0x00000007dde00000,0x00000007dde00000,0x00000007de300000)
 ParOldGen       total 87040K, used 14434K [0x0000000780000000, 0x0000000785500000, 0x00000007d5500000)
  object space 87040K, 16% used [0x0000000780000000,0x0000000780e18880,0x0000000785500000)
 PSPermGen       total 21504K, used 13084K [0x0000000778000000, 0x0000000779500000, 0x0000000780000000)
  object space 21504K, 60% used [0x0000000778000000,0x0000000778cc71a8,0x0000000779500000)
}
Event: 20.383 GC heap before
{Heap before GC invocations=4 (full 0):
 PSYoungGen      total 72704K, used 72693K [0x00000007d5500000, 0x00000007de300000, 0x0000000800000000)
  eden space 67584K, 100% used [0x00000007d5500000,0x00000007d9700000,0x00000007d9700000)
  from space 5120K, 99% used [0x00000007d9700000,0x00000007d9bfd640,0x00000007d9c00000)
  to   space 5120K, 0% used [0x00000007dde00000,0x00000007dde00000,0x00000007de300000)
 ParOldGen       total 87040K, used 14434K [0x0000000780000000, 0x0000000785500000, 0x00000007d5500000)
  object space 87040K, 16% used [0x0000000780000000,0x0000000780e18880,0x0000000785500000)
 PSPermGen       total 21504K, used 16724K [0x0000000778000000, 0x0000000779500000, 0x0000000780000000)
  object space 21504K, 77% used [0x0000000778000000,0x00000007790550f0,0x0000000779500000)
Event: 20.401 GC heap after
Heap after GC invocations=4 (full 0):
 PSYoungGen      total 140288K, used 5103K [0x00000007d5500000, 0x00000007de300000, 0x0000000800000000)
  eden space 135168K, 0% used [0x00000007d5500000,0x00000007d5500000,0x00000007dd900000)
  from space 5120K, 99% used [0x00000007dde00000,0x00000007de2fbdf0,0x00000007de300000)
  to   space 5120K, 0% used [0x00000007dd900000,0x00000007dd900000,0x00000007dde00000)
 ParOldGen       total 87040K, used 17934K [0x0000000780000000, 0x0000000785500000, 0x00000007d5500000)
  object space 87040K, 20% used [0x0000000780000000,0x0000000781183b28,0x0000000785500000)
 PSPermGen       total 21504K, used 16724K [0x0000000778000000, 0x0000000779500000, 0x0000000780000000)
  object space 21504K, 77% used [0x0000000778000000,0x00000007790550f0,0x0000000779500000)
}
Event: 59.464 GC heap before
{Heap before GC invocations=5 (full 0):
 PSYoungGen      total 140288K, used 140271K [0x00000007d5500000, 0x00000007de300000, 0x0000000800000000)
  eden space 135168K, 100% used [0x00000007d5500000,0x00000007dd900000,0x00000007dd900000)
  from space 5120K, 99% used [0x00000007dde00000,0x00000007de2fbdf0,0x00000007de300000)
  to   space 5120K, 0% used [0x00000007dd900000,0x00000007dd900000,0x00000007dde00000)
 ParOldGen       total 87040K, used 17934K [0x0000000780000000, 0x0000000785500000, 0x00000007d5500000)
  object space 87040K, 20% used [0x0000000780000000,0x0000000781183b28,0x0000000785500000)
 PSPermGen       total 21504K, used 16742K [0x0000000778000000, 0x0000000779500000, 0x0000000780000000)
  object space 21504K, 77% used [0x0000000778000000,0x0000000779059b88,0x0000000779500000)
Event: 59.484 GC heap after
Heap after GC invocations=5 (full 0):
 PSYoungGen      total 135168K, used 5092K [0x00000007d5500000, 0x00000007def00000, 0x0000000800000000)
  eden space 130048K, 0% used [0x00000007d5500000,0x00000007d5500000,0x00000007dd400000)
  from space 5120K, 99% used [0x00000007dd900000,0x00000007dddf9070,0x00000007dde00000)
  to   space 13824K, 0% used [0x00000007de180000,0x00000007de180000,0x00000007def00000)
 ParOldGen       total 87040K, used 18334K [0x0000000780000000, 0x0000000785500000, 0x00000007d5500000)
  object space 87040K, 21% used [0x0000000780000000,0x00000007811e7b28,0x0000000785500000)
 PSPermGen       total 21504K, used 16742K [0x0000000778000000, 0x0000000779500000, 0x0000000780000000)
  object space 21504K, 77% used [0x0000000778000000,0x0000000779059b88,0x0000000779500000)
}

